VT77001-111
VT77001-167
VT77001-110
VT77001-103
VT77001-166
VT77002-113
VT77003-112
VT77001-165
VT77007-115
VT77002-213
VT77003-205
VT77009-116
VT77012-200
VT77004-221
VT77004-113
VT77011-141
VT77004-115
VT77017-135
VT77002-107
VT77003-117
VT77012-103
VT77017-134
VT77003-104
VT77009-222
VT77007-110
VT77006-108
VT77012-104
VT77017-137
VT77019-141
VT77019-200
VT77016-133
VT77015-201
VT50025-137
VT77019-137
VT77022-139
VT77007-111
VT77022-143
VT77012-101
VT77022-142
VT50029-136
VT77019-140
VT50030-136
VT50030-131
VT50030-134
VT77032-140
VT50030-135
VT50029-142
VT50031-134
VT50026-136
VT77034-150
VT77034-144
VT50029-138
VT50029-134
VT77019-142
VT77034-141
VT77034-145
SRV-VT77039-1
VT77039-130
VT77034-139
VT77007-221
VT77042-134
SRV-VT77039-0
VT77042-128
VT77039-134
VT77032-137
VT77002-114
VT77011-131
SRV-VT77017-0
VT77002-112
SRV-VT77002-0
VT77009-220
VT77003-119
SRV-VT77007-0
VT77007-101
SRV-VT77011-0
VT77045-131
SRV-VT77015-0
SRV-VT77022-0
SRV-VT77018-0
SRV-VT77034-0
SRV-VT77033-0
SRV-VT77037-0
SRV-VT77026-0
SRV-VT50029-0
SRV-VT77028-1
SRV-VT77042-0
SRV-VT770FK-0
SRV-VT50030-0
SRV-VT50031-0
SRV-VT77048-0
VT770FK-134
VT770FK-140
SRV-VT77041-0
VT770FK-131
VT770FK-127
VT77004-104
VT77048-132
SRV-VT77008-0
SRV-VT50051-0
VT77003-122
VT77048-136
VT77048-135
VT77048-139
VT77001-109
SRV-VT77004-0
VT50051-130
SRV-VT77004-1
VT50051-133
VT50051-135
SRV-VT77009-0
SRV-VT77006-0
SRV-VT77003-0
VT77007-121
VT77022-147
SRV-VT77009-1
SRV-VT77038-0
SRV-VT77044-0
SRV-VT77044-1
VT77038-133
SRV-VT77027-0
SRV-VT77027-1
SRV-VT77013-0
SRV-VT77009-2
VT77044-134
VT77044-127
VT77027-135
SRV-VT77016-0
SRV-VT50056-0
VT77013-127
SRV-SET10TUL
SRV-VT50060-0
SRV-VT50060-1
SRV-VT50057-0
SRV-VT50057-1
VT50060-133
SRV-VT77TEST
SRV-VT77035-0
VT50057-130
VT50057-126
VT50057-133
SRV-VT77015-1
VT50057-136
SRV-VT50058-1
SRV-VT50058-0
SRV-VT77049-0
SRV-VT77049-1
SRV-VT77006-1
VT50058-134
SRV-VT77028-0
SRV-VT77011-1
SRV-VT77066-1
SRV-VT77066-0
SRV-VT77019-0
SRV-VT77018-1
SRV-VT77016-1
SRV-VT77034-1
SRV-VT77022-1
VT77049-131
SRV-VT77007-1
SRV-VT77041-1
SRV-VT50025-1
SRV-VT77008-1
SRV-VT77048-1
SRV-VT50029-1
SRV-VT50051-1
SRV-VT50031-1
VT77049-137
SRV-VT77047-1
SRV-VT77047-0
SRV-VT77037-1
SRV-VT77035-1
SRV-VT50067-0
SRV-VT50067-1
SRV-VT77033-1
SRV-VT77038-1
SRV-VT77042-1
SRV-VT77056-1
SRV-VT770FK-1
VT77047-126
VT77047-134
VT77047-136
VT50067-139
VT50067-140
VT50067-127
VT77047-140
VT77047-132
SRV-VT77013-1
SRV-VT50068-0
SRV-VT50068-1
VT50067-142
SRV-VT77024-0
SRV-VT77003-1
SRV-VT77024-1
SRV-VT50RCAS
SRV-VT77045-0
SRV-VT77045-1
SRV-VT77032-1
SRV-VT77032-0
VT50068-134
VT50068-135
VT50068-130
VT77003-211
SRV-VT77019-1
SRV-VT77054-0
VT77024-134
SRV-VT77054-1
SRV-VT50040-0
SRV-VT50040-1
SRV-VT77026-1
SRV-VT77036-1
VT50041-128
VT77026-134
VT77032-127
SRV-SET5MANZANA
SRV-VT77SET10
SRV-VT77036-0
VT50031-128
SRV-VT50RC-UTM
SRV-VT770XX-13
SRV-VT50025-0
SRV-VT77017-1
SRV-VT50030-1
SRV-SCO-SET10
SRV-VT770XX-666
SRV-VT77012-0
SRV-VT77012-1
SRV-CNTRMTST-HV
VT50025-133
SRV-VT7701-1
SRV-VT77001-0
SRV-VT77003-2
VT77002-104
VT77016-244
VT77011-244